Fold 0
Model 0 best validation rmse = 0.568642 on epoch 68
Model 0 test rmse = 0.462395
Ensemble test rmse = 0.462395
1-fold cross validation
	Seed 0 ==> test rmse = 0.462395
Overall test rmse = 0.462395 +/- 0.000000
Elapsed time = 0:25:01
Fold 0
Model 0 best validation rmse = 0.648820 on epoch 96
Model 0 test rmse = 0.535979
Ensemble test rmse = 0.535979
1-fold cross validation
	Seed 0 ==> test rmse = 0.535979
Overall test rmse = 0.535979 +/- 0.000000
Elapsed time = 0:21:10
Fold 0
Model 0 best validation rmse = 0.477388 on epoch 83
Model 0 test rmse = 0.496511
Ensemble test rmse = 0.496511
1-fold cross validation
	Seed 0 ==> test rmse = 0.496511
Overall test rmse = 0.496511 +/- 0.000000
Elapsed time = 0:05:12
Fold 0
Model 0 best validation rmse = 0.668403 on epoch 88
Model 0 test rmse = 0.705988
Ensemble test rmse = 0.705988
1-fold cross validation
	Seed 0 ==> test rmse = 0.705988
Overall test rmse = 0.705988 +/- 0.000000
Elapsed time = 0:19:42
Fold 0
Model 0 best validation rmse = 0.529187 on epoch 86
Model 0 test rmse = 0.565759
Ensemble test rmse = 0.565759
1-fold cross validation
	Seed 0 ==> test rmse = 0.565759
Overall test rmse = 0.565759 +/- 0.000000
Elapsed time = 0:28:27
Fold 0
Model 0 best validation rmse = 0.544856 on epoch 97
Model 0 test rmse = 0.450198
Ensemble test rmse = 0.450198
1-fold cross validation
	Seed 0 ==> test rmse = 0.450198
Overall test rmse = 0.450198 +/- 0.000000
Elapsed time = 0:06:55
Fold 0
Model 0 best validation rmse = 0.544856 on epoch 97
Model 0 test rmse = 0.450198
Ensemble test rmse = 0.450198
1-fold cross validation
	Seed 0 ==> test rmse = 0.450198
Overall test rmse = 0.450198 +/- 0.000000
Elapsed time = 0:06:47
Fold 0
Model 0 best validation rmse = 0.641136 on epoch 94
Model 0 test rmse = 0.528287
Ensemble test rmse = 0.528287
1-fold cross validation
	Seed 0 ==> test rmse = 0.528287
Overall test rmse = 0.528287 +/- 0.000000
Elapsed time = 0:05:22
Fold 0
Model 0 best validation rmse = 0.483227 on epoch 21
Model 0 test rmse = 0.583772
Ensemble test rmse = 0.583772
1-fold cross validation
	Seed 0 ==> test rmse = 0.583772
Overall test rmse = 0.583772 +/- 0.000000
Elapsed time = 0:01:23
Fold 0
Model 0 best validation rmse = 0.667750 on epoch 97
Model 0 test rmse = 0.703160
Ensemble test rmse = 0.703160
1-fold cross validation
	Seed 0 ==> test rmse = 0.703160
Overall test rmse = 0.703160 +/- 0.000000
Elapsed time = 0:05:47
Fold 0
Model 0 best validation rmse = 0.525446 on epoch 68
Model 0 test rmse = 0.572075
Ensemble test rmse = 0.572075
1-fold cross validation
	Seed 0 ==> test rmse = 0.572075
Overall test rmse = 0.572075 +/- 0.000000
Elapsed time = 0:08:50
Fold 0
